<?xml version="1.0" encoding="UTF-8"?>
<!-- Generated by org.testng.reporters.JUnitXMLReporter -->
<testsuite ignored="4" hostname="DESKTOP-85MDBOU" failures="4" tests="5" name="Test" time="5.468" errors="0" timestamp="2022-09-23T22:20:46 IST">
  <testcase classname="TestNGpractice.GroupTest" name="launch_chrome" time="0.26">
    <failure type="java.lang.IllegalStateException" message="The driver executable must exist: C:\Users\Ash\eclipse-workspace\Seleniumpro\Binary\chromedriver.exe">
      <![CDATA[java.lang.IllegalStateException: The driver executable must exist: C:\Users\Ash\eclipse-workspace\Seleniumpro\Binary\chromedriver.exe
at org.openqa.selenium.internal.Require$FileStateChecker.isFile(Require.java:342)
at org.openqa.selenium.remote.service.DriverService.checkExecutable(DriverService.java:147)
at org.openqa.selenium.remote.service.DriverService.findExecutable(DriverService.java:142)
at org.openqa.selenium.chrome.ChromeDriverService.access$000(ChromeDriverService.java:39)
at org.openqa.selenium.chrome.ChromeDriverService$Builder.findDefaultExecutable(ChromeDriverService.java:233)
at org.openqa.selenium.remote.service.DriverService$Builder.build(DriverService.java:437)
at org.openqa.selenium.chrome.ChromeDriverService.createDefaultService(ChromeDriverService.java:128)
at org.openqa.selenium.chrome.ChromeDriver.<init>(ChromeDriver.java:49)
at TestNGpractice.GroupTest.launch_chrome(GroupTest.java:18)
at java.base/java.util.ArrayList.forEach(ArrayList.java:1511)
... Removed 25 stack frames]]>
    </failure>
  </testcase> <!-- launch_chrome -->
  <testcase classname="TestNGpractice.GroupTest" name="check_login" time="0.026">
    <failure type="java.lang.NullPointerException" message="Cannot invoke &amp;quot;org.openqa.selenium.WebDriver.findElement(org.openqa.selenium.By)&amp;quot; because &amp;quot;this.driver&amp;quot; is null">
      <![CDATA[java.lang.NullPointerException: Cannot invoke "org.openqa.selenium.WebDriver.findElement(org.openqa.selenium.By)" because "this.driver" is null
at TestNGpractice.GroupTest.check_login(GroupTest.java:26)
at java.base/java.util.ArrayList.forEach(ArrayList.java:1511)
... Removed 25 stack frames]]>
    </failure>
  </testcase> <!-- check_login -->
  <testcase classname="TestNGpractice.GroupTest" name="check_Title" time="5.018">
    <failure type="java.lang.NullPointerException" message="Cannot invoke &amp;quot;org.openqa.selenium.WebDriver.getTitle()&amp;quot; because &amp;quot;this.driver&amp;quot; is null">
      <![CDATA[java.lang.NullPointerException: Cannot invoke "org.openqa.selenium.WebDriver.getTitle()" because "this.driver" is null
at TestNGpractice.GroupTest.check_Title(GroupTest.java:38)
at java.base/java.util.ArrayList.forEach(ArrayList.java:1511)
... Removed 25 stack frames]]>
    </failure>
  </testcase> <!-- check_Title -->
  <testcase classname="TestNGpractice.GroupTest" name="tear_down" time="0.008">
    <failure type="java.lang.NullPointerException" message="Cannot invoke &amp;quot;org.openqa.selenium.WebDriver.close()&amp;quot; because &amp;quot;this.driver&amp;quot; is null">
      <![CDATA[java.lang.NullPointerException: Cannot invoke "org.openqa.selenium.WebDriver.close()" because "this.driver" is null
at TestNGpractice.GroupTest.tear_down(GroupTest.java:51)
at java.base/java.util.ArrayList.forEach(ArrayList.java:1511)
... Removed 25 stack frames]]>
    </failure>
  </testcase> <!-- tear_down -->
  <testcase classname="TestNGpractice.NewTest1" name="a" time="0.006"/>
  <testcase classname="TestNGpractice.GroupTest" name="forgottonpassword" time="0.0">
    <ignored/>
  </testcase> <!-- forgottonpassword -->
  <testcase classname="TestNGpractice.NewTest1" name="f" time="0.0">
    <ignored/>
  </testcase> <!-- f -->
  <testcase classname="TestNGpractice.NewTest1" name="s" time="0.0">
    <ignored/>
  </testcase> <!-- s -->
  <testcase classname="TestNGpractice.NewTest1" name="failedtest" time="0.0">
    <ignored/>
  </testcase> <!-- failedtest -->
</testsuite> <!-- Test -->
